0 info it worked if it ends with ok
1 verbose cli [
1 verbose cli   '/Users/minori/.nodebrew/node/v18.6.0/bin/node',
1 verbose cli   '/Users/minori/Desktop/minoirofake/node_modules/.bin/npm',
1 verbose cli   'install',
1 verbose cli   '-D',
1 verbose cli   '@webpack-cli/generators'
1 verbose cli ]
2 info using npm@3.10.10
3 info using node@v18.6.0
4 silly loadCurrentTree Starting
5 silly install loadCurrentTree
6 silly install readLocalPackageData
7 verbose stack TypeError: cb.apply is not a function
7 verbose stack     at /Users/minori/Desktop/minoirofake/node_modules/npm/node_modules/graceful-fs/polyfills.js:267:18
7 verbose stack     at FSReqCallback.oncomplete (node:fs:212:5)
8 verbose cwd /Users/minori/Desktop/minoirofake
9 error Darwin 21.5.0
10 error argv "/Users/minori/.nodebrew/node/v18.6.0/bin/node" "/Users/minori/Desktop/minoirofake/node_modules/.bin/npm" "install" "-D" "@webpack-cli/generators"
11 error node v18.6.0
12 error npm  v3.10.10
13 error cb.apply is not a function
14 error If you need help, you may report this error at:
14 error     <https://github.com/npm/npm/issues>
15 verbose exit [ 1, true ]
